::1 - - [Sun, 28 May 2017 16:35:39 GMT] "GET / HTTP/1.1" 304 - "http://localhost:3000/archive" "Mozilla/5.0 (Windows NT 10.0; WOW64) AppleWebKit/537.36 (KHTML, like Gecko) Chrome/58.0.3029.110 Safari/537.36"
::1 - - [Sun, 28 May 2017 16:35:39 GMT] "GET /stylesheets/style.css HTTP/1.1" 304 - "http://localhost:3000/" "Mozilla/5.0 (Windows NT 10.0; WOW64) AppleWebKit/537.36 (KHTML, like Gecko) Chrome/58.0.3029.110 Safari/537.36"
::1 - - [Sun, 28 May 2017 16:35:39 GMT] "GET /favicon.ico HTTP/1.1" 200 213 "http://localhost:3000/" "Mozilla/5.0 (Windows NT 10.0; WOW64) AppleWebKit/537.36 (KHTML, like Gecko) Chrome/58.0.3029.110 Safari/537.36"
::1 - - [Sun, 28 May 2017 16:35:40 GMT] "GET /archive HTTP/1.1" 304 - "http://localhost:3000/" "Mozilla/5.0 (Windows NT 10.0; WOW64) AppleWebKit/537.36 (KHTML, like Gecko) Chrome/58.0.3029.110 Safari/537.36"
::1 - - [Sun, 28 May 2017 16:35:40 GMT] "GET /stylesheets/style.css HTTP/1.1" 304 - "http://localhost:3000/archive" "Mozilla/5.0 (Windows NT 10.0; WOW64) AppleWebKit/537.36 (KHTML, like Gecko) Chrome/58.0.3029.110 Safari/537.36"
::1 - - [Sun, 28 May 2017 16:35:40 GMT] "GET /favicon.ico HTTP/1.1" 304 - "http://localhost:3000/archive" "Mozilla/5.0 (Windows NT 10.0; WOW64) AppleWebKit/537.36 (KHTML, like Gecko) Chrome/58.0.3029.110 Safari/537.36"
::1 - - [Sun, 28 May 2017 16:35:41 GMT] "GET /tags HTTP/1.1" 304 - "http://localhost:3000/archive" "Mozilla/5.0 (Windows NT 10.0; WOW64) AppleWebKit/537.36 (KHTML, like Gecko) Chrome/58.0.3029.110 Safari/537.36"
::1 - - [Sun, 28 May 2017 16:35:41 GMT] "GET /stylesheets/style.css HTTP/1.1" 304 - "http://localhost:3000/tags" "Mozilla/5.0 (Windows NT 10.0; WOW64) AppleWebKit/537.36 (KHTML, like Gecko) Chrome/58.0.3029.110 Safari/537.36"
::1 - - [Sun, 28 May 2017 16:35:41 GMT] "GET /favicon.ico HTTP/1.1" 304 - "http://localhost:3000/tags" "Mozilla/5.0 (Windows NT 10.0; WOW64) AppleWebKit/537.36 (KHTML, like Gecko) Chrome/58.0.3029.110 Safari/537.36"
::1 - - [Sun, 28 May 2017 16:35:43 GMT] "GET /tagsaaa HTTP/1.1" 200 213 "-" "Mozilla/5.0 (Windows NT 10.0; WOW64) AppleWebKit/537.36 (KHTML, like Gecko) Chrome/58.0.3029.110 Safari/537.36"
::1 - - [Sun, 28 May 2017 16:35:43 GMT] "GET /favicon.ico HTTP/1.1" 304 - "http://localhost:3000/tagsaaa" "Mozilla/5.0 (Windows NT 10.0; WOW64) AppleWebKit/537.36 (KHTML, like Gecko) Chrome/58.0.3029.110 Safari/537.36"
::1 - - [Sun, 28 May 2017 16:36:03 GMT] "GET /favicon.ico HTTP/1.1" 304 - "http://localhost:3000/tags" "Mozilla/5.0 (Windows NT 10.0; WOW64) AppleWebKit/537.36 (KHTML, like Gecko) Chrome/58.0.3029.110 Safari/537.36"
::1 - - [Sun, 28 May 2017 16:36:05 GMT] "GET /logout HTTP/1.1" 302 46 "http://localhost:3000/tags" "Mozilla/5.0 (Windows NT 10.0; WOW64) AppleWebKit/537.36 (KHTML, like Gecko) Chrome/58.0.3029.110 Safari/537.36"
::1 - - [Sun, 28 May 2017 16:36:05 GMT] "GET / HTTP/1.1" 200 1287 "http://localhost:3000/tags" "Mozilla/5.0 (Windows NT 10.0; WOW64) AppleWebKit/537.36 (KHTML, like Gecko) Chrome/58.0.3029.110 Safari/537.36"
::1 - - [Sun, 28 May 2017 16:36:05 GMT] "GET /stylesheets/style.css HTTP/1.1" 304 - "http://localhost:3000/" "Mozilla/5.0 (Windows NT 10.0; WOW64) AppleWebKit/537.36 (KHTML, like Gecko) Chrome/58.0.3029.110 Safari/537.36"
::1 - - [Sun, 28 May 2017 16:36:05 GMT] "GET /favicon.ico HTTP/1.1" 304 - "http://localhost:3000/" "Mozilla/5.0 (Windows NT 10.0; WOW64) AppleWebKit/537.36 (KHTML, like Gecko) Chrome/58.0.3029.110 Safari/537.36"
::1 - - [Sun, 28 May 2017 16:36:06 GMT] "GET /u/22/2017-5-28/aaa HTTP/1.1" 500 2437 "http://localhost:3000/" "Mozilla/5.0 (Windows NT 10.0; WOW64) AppleWebKit/537.36 (KHTML, like Gecko) Chrome/58.0.3029.110 Safari/537.36"
::1 - - [Sun, 28 May 2017 16:36:06 GMT] "GET /favicon.ico HTTP/1.1" 304 - "http://localhost:3000/u/22/2017-5-28/aaa" "Mozilla/5.0 (Windows NT 10.0; WOW64) AppleWebKit/537.36 (KHTML, like Gecko) Chrome/58.0.3029.110 Safari/537.36"
::1 - - [Sun, 28 May 2017 16:36:43 GMT] "GET /u/22/2017-5-28/aaa HTTP/1.1" 500 2437 "http://localhost:3000/" "Mozilla/5.0 (Windows NT 10.0; WOW64) AppleWebKit/537.36 (KHTML, like Gecko) Chrome/58.0.3029.110 Safari/537.36"
::1 - - [Sun, 28 May 2017 16:36:43 GMT] "GET /favicon.ico HTTP/1.1" 200 213 "http://localhost:3000/u/22/2017-5-28/aaa" "Mozilla/5.0 (Windows NT 10.0; WOW64) AppleWebKit/537.36 (KHTML, like Gecko) Chrome/58.0.3029.110 Safari/537.36"
::1 - - [Sun, 28 May 2017 16:36:43 GMT] "GET /u/22/2017-5-28/aaa HTTP/1.1" 500 2437 "http://localhost:3000/" "Mozilla/5.0 (Windows NT 10.0; WOW64) AppleWebKit/537.36 (KHTML, like Gecko) Chrome/58.0.3029.110 Safari/537.36"
::1 - - [Sun, 28 May 2017 16:36:43 GMT] "GET /favicon.ico HTTP/1.1" 200 213 "http://localhost:3000/u/22/2017-5-28/aaa" "Mozilla/5.0 (Windows NT 10.0; WOW64) AppleWebKit/537.36 (KHTML, like Gecko) Chrome/58.0.3029.110 Safari/537.36"
::1 - - [Sun, 28 May 2017 16:36:43 GMT] "GET /u/22/2017-5-28/aaa HTTP/1.1" 500 2437 "http://localhost:3000/" "Mozilla/5.0 (Windows NT 10.0; WOW64) AppleWebKit/537.36 (KHTML, like Gecko) Chrome/58.0.3029.110 Safari/537.36"
::1 - - [Sun, 28 May 2017 16:36:43 GMT] "GET /favicon.ico HTTP/1.1" 200 213 "http://localhost:3000/u/22/2017-5-28/aaa" "Mozilla/5.0 (Windows NT 10.0; WOW64) AppleWebKit/537.36 (KHTML, like Gecko) Chrome/58.0.3029.110 Safari/537.36"
::1 - - [Sun, 28 May 2017 16:36:43 GMT] "GET /u/22/2017-5-28/aaa HTTP/1.1" 500 2437 "http://localhost:3000/" "Mozilla/5.0 (Windows NT 10.0; WOW64) AppleWebKit/537.36 (KHTML, like Gecko) Chrome/58.0.3029.110 Safari/537.36"
::1 - - [Sun, 28 May 2017 16:36:43 GMT] "GET /favicon.ico HTTP/1.1" 200 213 "http://localhost:3000/u/22/2017-5-28/aaa" "Mozilla/5.0 (Windows NT 10.0; WOW64) AppleWebKit/537.36 (KHTML, like Gecko) Chrome/58.0.3029.110 Safari/537.36"
::1 - - [Sun, 28 May 2017 16:36:44 GMT] "GET /u/22/2017-5-28/aaa HTTP/1.1" 500 2437 "http://localhost:3000/" "Mozilla/5.0 (Windows NT 10.0; WOW64) AppleWebKit/537.36 (KHTML, like Gecko) Chrome/58.0.3029.110 Safari/537.36"
::1 - - [Sun, 28 May 2017 16:36:44 GMT] "GET /favicon.ico HTTP/1.1" 200 213 "http://localhost:3000/u/22/2017-5-28/aaa" "Mozilla/5.0 (Windows NT 10.0; WOW64) AppleWebKit/537.36 (KHTML, like Gecko) Chrome/58.0.3029.110 Safari/537.36"
::1 - - [Sun, 28 May 2017 16:36:44 GMT] "GET /u/22/2017-5-28/aaa HTTP/1.1" 500 2437 "http://localhost:3000/" "Mozilla/5.0 (Windows NT 10.0; WOW64) AppleWebKit/537.36 (KHTML, like Gecko) Chrome/58.0.3029.110 Safari/537.36"
::1 - - [Sun, 28 May 2017 16:36:44 GMT] "GET /favicon.ico HTTP/1.1" 200 213 "http://localhost:3000/u/22/2017-5-28/aaa" "Mozilla/5.0 (Windows NT 10.0; WOW64) AppleWebKit/537.36 (KHTML, like Gecko) Chrome/58.0.3029.110 Safari/537.36"
::1 - - [Sun, 28 May 2017 16:36:44 GMT] "GET /u/22/2017-5-28/aaa HTTP/1.1" 500 2437 "http://localhost:3000/" "Mozilla/5.0 (Windows NT 10.0; WOW64) AppleWebKit/537.36 (KHTML, like Gecko) Chrome/58.0.3029.110 Safari/537.36"
::1 - - [Sun, 28 May 2017 16:36:44 GMT] "GET /favicon.ico HTTP/1.1" 200 213 "http://localhost:3000/u/22/2017-5-28/aaa" "Mozilla/5.0 (Windows NT 10.0; WOW64) AppleWebKit/537.36 (KHTML, like Gecko) Chrome/58.0.3029.110 Safari/537.36"
::1 - - [Sun, 28 May 2017 16:40:17 GMT] "GET /u/22/2017-5-28/aaa HTTP/1.1" 500 2437 "http://localhost:3000/" "Mozilla/5.0 (Windows NT 10.0; WOW64) AppleWebKit/537.36 (KHTML, like Gecko) Chrome/58.0.3029.110 Safari/537.36"
::1 - - [Sun, 28 May 2017 16:40:17 GMT] "GET /favicon.ico HTTP/1.1" 200 213 "http://localhost:3000/u/22/2017-5-28/aaa" "Mozilla/5.0 (Windows NT 10.0; WOW64) AppleWebKit/537.36 (KHTML, like Gecko) Chrome/58.0.3029.110 Safari/537.36"
::1 - - [Sun, 28 May 2017 16:40:44 GMT] "GET /u/22/2017-5-28/aaa HTTP/1.1" 500 2151 "http://localhost:3000/" "Mozilla/5.0 (Windows NT 10.0; WOW64) AppleWebKit/537.36 (KHTML, like Gecko) Chrome/58.0.3029.110 Safari/537.36"
::1 - - [Sun, 28 May 2017 16:40:44 GMT] "GET /favicon.ico HTTP/1.1" 200 213 "http://localhost:3000/u/22/2017-5-28/aaa" "Mozilla/5.0 (Windows NT 10.0; WOW64) AppleWebKit/537.36 (KHTML, like Gecko) Chrome/58.0.3029.110 Safari/537.36"
::1 - - [Sun, 28 May 2017 16:40:54 GMT] "GET /u/22/2017-5-28/aaa HTTP/1.1" 500 2118 "http://localhost:3000/" "Mozilla/5.0 (Windows NT 10.0; WOW64) AppleWebKit/537.36 (KHTML, like Gecko) Chrome/58.0.3029.110 Safari/537.36"
::1 - - [Sun, 28 May 2017 16:40:54 GMT] "GET /favicon.ico HTTP/1.1" 200 213 "http://localhost:3000/u/22/2017-5-28/aaa" "Mozilla/5.0 (Windows NT 10.0; WOW64) AppleWebKit/537.36 (KHTML, like Gecko) Chrome/58.0.3029.110 Safari/537.36"
::1 - - [Sun, 28 May 2017 16:41:02 GMT] "GET /u/22/2017-5-28/aaa HTTP/1.1" 200 1062 "http://localhost:3000/" "Mozilla/5.0 (Windows NT 10.0; WOW64) AppleWebKit/537.36 (KHTML, like Gecko) Chrome/58.0.3029.110 Safari/537.36"
::1 - - [Sun, 28 May 2017 16:41:02 GMT] "GET /stylesheets/style.css HTTP/1.1" 304 - "http://localhost:3000/u/22/2017-5-28/aaa" "Mozilla/5.0 (Windows NT 10.0; WOW64) AppleWebKit/537.36 (KHTML, like Gecko) Chrome/58.0.3029.110 Safari/537.36"
::1 - - [Sun, 28 May 2017 16:41:02 GMT] "GET /favicon.ico HTTP/1.1" 200 213 "http://localhost:3000/u/22/2017-5-28/aaa" "Mozilla/5.0 (Windows NT 10.0; WOW64) AppleWebKit/537.36 (KHTML, like Gecko) Chrome/58.0.3029.110 Safari/537.36"
::1 - - [Sun, 28 May 2017 16:41:09 GMT] "GET /u/22/2017-5-28/aaa HTTP/1.1" 500 2437 "http://localhost:3000/" "Mozilla/5.0 (Windows NT 10.0; WOW64) AppleWebKit/537.36 (KHTML, like Gecko) Chrome/58.0.3029.110 Safari/537.36"
::1 - - [Sun, 28 May 2017 16:41:09 GMT] "GET /favicon.ico HTTP/1.1" 200 213 "http://localhost:3000/u/22/2017-5-28/aaa" "Mozilla/5.0 (Windows NT 10.0; WOW64) AppleWebKit/537.36 (KHTML, like Gecko) Chrome/58.0.3029.110 Safari/537.36"
::1 - - [Sun, 28 May 2017 16:41:32 GMT] "GET /u/22/2017-5-28/aaa HTTP/1.1" 200 1496 "http://localhost:3000/" "Mozilla/5.0 (Windows NT 10.0; WOW64) AppleWebKit/537.36 (KHTML, like Gecko) Chrome/58.0.3029.110 Safari/537.36"
::1 - - [Sun, 28 May 2017 16:41:32 GMT] "GET /stylesheets/style.css HTTP/1.1" 304 - "http://localhost:3000/u/22/2017-5-28/aaa" "Mozilla/5.0 (Windows NT 10.0; WOW64) AppleWebKit/537.36 (KHTML, like Gecko) Chrome/58.0.3029.110 Safari/537.36"
::1 - - [Sun, 28 May 2017 16:41:33 GMT] "GET /favicon.ico HTTP/1.1" 200 213 "http://localhost:3000/u/22/2017-5-28/aaa" "Mozilla/5.0 (Windows NT 10.0; WOW64) AppleWebKit/537.36 (KHTML, like Gecko) Chrome/58.0.3029.110 Safari/537.36"
::1 - - [Sun, 28 May 2017 16:41:49 GMT] "GET /u/22/2017-5-28/aaa HTTP/1.1" 500 2437 "http://localhost:3000/" "Mozilla/5.0 (Windows NT 10.0; WOW64) AppleWebKit/537.36 (KHTML, like Gecko) Chrome/58.0.3029.110 Safari/537.36"
::1 - - [Sun, 28 May 2017 16:41:49 GMT] "GET /favicon.ico HTTP/1.1" 200 213 "http://localhost:3000/u/22/2017-5-28/aaa" "Mozilla/5.0 (Windows NT 10.0; WOW64) AppleWebKit/537.36 (KHTML, like Gecko) Chrome/58.0.3029.110 Safari/537.36"
::1 - - [Sun, 28 May 2017 16:44:19 GMT] "GET /u/22/2017-5-28/aaa HTTP/1.1" 200 1655 "http://localhost:3000/" "Mozilla/5.0 (Windows NT 10.0; WOW64) AppleWebKit/537.36 (KHTML, like Gecko) Chrome/58.0.3029.110 Safari/537.36"
::1 - - [Sun, 28 May 2017 16:44:19 GMT] "GET /stylesheets/style.css HTTP/1.1" 304 - "http://localhost:3000/u/22/2017-5-28/aaa" "Mozilla/5.0 (Windows NT 10.0; WOW64) AppleWebKit/537.36 (KHTML, like Gecko) Chrome/58.0.3029.110 Safari/537.36"
::1 - - [Sun, 28 May 2017 16:44:19 GMT] "GET /favicon.ico HTTP/1.1" 200 213 "http://localhost:3000/u/22/2017-5-28/aaa" "Mozilla/5.0 (Windows NT 10.0; WOW64) AppleWebKit/537.36 (KHTML, like Gecko) Chrome/58.0.3029.110 Safari/537.36"
::1 - - [Sun, 28 May 2017 16:44:27 GMT] "POST /u/22/2017-5-28/aaa HTTP/1.1" 302 124 "http://localhost:3000/u/22/2017-5-28/aaa" "Mozilla/5.0 (Windows NT 10.0; WOW64) AppleWebKit/537.36 (KHTML, like Gecko) Chrome/58.0.3029.110 Safari/537.36"
::1 - - [Sun, 28 May 2017 16:44:27 GMT] "GET /u/22/2017-5-28/aaa HTTP/1.1" 200 1924 "http://localhost:3000/u/22/2017-5-28/aaa" "Mozilla/5.0 (Windows NT 10.0; WOW64) AppleWebKit/537.36 (KHTML, like Gecko) Chrome/58.0.3029.110 Safari/537.36"
::1 - - [Sun, 28 May 2017 16:44:27 GMT] "GET /stylesheets/style.css HTTP/1.1" 304 - "http://localhost:3000/u/22/2017-5-28/aaa" "Mozilla/5.0 (Windows NT 10.0; WOW64) AppleWebKit/537.36 (KHTML, like Gecko) Chrome/58.0.3029.110 Safari/537.36"
::1 - - [Sun, 28 May 2017 16:44:28 GMT] "GET /favicon.ico HTTP/1.1" 304 - "http://localhost:3000/u/22/2017-5-28/aaa" "Mozilla/5.0 (Windows NT 10.0; WOW64) AppleWebKit/537.36 (KHTML, like Gecko) Chrome/58.0.3029.110 Safari/537.36"
::1 - - [Sun, 28 May 2017 16:44:30 GMT] "GET /u/22/2017-5-28/123 HTTP/1.1" 500 2571 "http://localhost:3000/u/22/2017-5-28/aaa" "Mozilla/5.0 (Windows NT 10.0; WOW64) AppleWebKit/537.36 (KHTML, like Gecko) Chrome/58.0.3029.110 Safari/537.36"
::1 - - [Sun, 28 May 2017 16:44:30 GMT] "GET /favicon.ico HTTP/1.1" 304 - "http://localhost:3000/u/22/2017-5-28/123" "Mozilla/5.0 (Windows NT 10.0; WOW64) AppleWebKit/537.36 (KHTML, like Gecko) Chrome/58.0.3029.110 Safari/537.36"
::1 - - [Sun, 28 May 2017 16:44:48 GMT] "GET /favicon.ico HTTP/1.1" 304 - "http://localhost:3000/u/22/2017-5-28/aaa" "Mozilla/5.0 (Windows NT 10.0; WOW64) AppleWebKit/537.36 (KHTML, like Gecko) Chrome/58.0.3029.110 Safari/537.36"
::1 - - [Sun, 28 May 2017 16:45:12 GMT] "GET / HTTP/1.1" 500 1904 "-" "Mozilla/5.0 (Windows NT 10.0; WOW64) AppleWebKit/537.36 (KHTML, like Gecko) Chrome/58.0.3029.110 Safari/537.36"
::1 - - [Sun, 28 May 2017 16:45:12 GMT] "GET /favicon.ico HTTP/1.1" 304 - "http://localhost:3000/" "Mozilla/5.0 (Windows NT 10.0; WOW64) AppleWebKit/537.36 (KHTML, like Gecko) Chrome/58.0.3029.110 Safari/537.36"
::1 - - [Sun, 28 May 2017 16:45:14 GMT] "GET / HTTP/1.1" 500 1904 "-" "Mozilla/5.0 (Windows NT 10.0; WOW64) AppleWebKit/537.36 (KHTML, like Gecko) Chrome/58.0.3029.110 Safari/537.36"
::1 - - [Sun, 28 May 2017 16:45:14 GMT] "GET /favicon.ico HTTP/1.1" 200 213 "http://localhost:3000/" "Mozilla/5.0 (Windows NT 10.0; WOW64) AppleWebKit/537.36 (KHTML, like Gecko) Chrome/58.0.3029.110 Safari/537.36"
::1 - - [Sun, 28 May 2017 16:45:14 GMT] "GET / HTTP/1.1" 500 1904 "-" "Mozilla/5.0 (Windows NT 10.0; WOW64) AppleWebKit/537.36 (KHTML, like Gecko) Chrome/58.0.3029.110 Safari/537.36"
::1 - - [Sun, 28 May 2017 16:45:14 GMT] "GET /favicon.ico HTTP/1.1" 200 213 "http://localhost:3000/" "Mozilla/5.0 (Windows NT 10.0; WOW64) AppleWebKit/537.36 (KHTML, like Gecko) Chrome/58.0.3029.110 Safari/537.36"
::1 - - [Sun, 28 May 2017 16:45:14 GMT] "GET / HTTP/1.1" 500 1904 "-" "Mozilla/5.0 (Windows NT 10.0; WOW64) AppleWebKit/537.36 (KHTML, like Gecko) Chrome/58.0.3029.110 Safari/537.36"
::1 - - [Sun, 28 May 2017 16:45:15 GMT] "GET /favicon.ico HTTP/1.1" 200 213 "http://localhost:3000/" "Mozilla/5.0 (Windows NT 10.0; WOW64) AppleWebKit/537.36 (KHTML, like Gecko) Chrome/58.0.3029.110 Safari/537.36"
::1 - - [Sun, 28 May 2017 16:45:15 GMT] "GET / HTTP/1.1" 500 1904 "-" "Mozilla/5.0 (Windows NT 10.0; WOW64) AppleWebKit/537.36 (KHTML, like Gecko) Chrome/58.0.3029.110 Safari/537.36"
::1 - - [Sun, 28 May 2017 16:45:15 GMT] "GET /favicon.ico HTTP/1.1" 200 213 "http://localhost:3000/" "Mozilla/5.0 (Windows NT 10.0; WOW64) AppleWebKit/537.36 (KHTML, like Gecko) Chrome/58.0.3029.110 Safari/537.36"
::1 - - [Sun, 28 May 2017 16:45:15 GMT] "GET / HTTP/1.1" 500 1904 "-" "Mozilla/5.0 (Windows NT 10.0; WOW64) AppleWebKit/537.36 (KHTML, like Gecko) Chrome/58.0.3029.110 Safari/537.36"
::1 - - [Sun, 28 May 2017 16:45:15 GMT] "GET /favicon.ico HTTP/1.1" 200 213 "http://localhost:3000/" "Mozilla/5.0 (Windows NT 10.0; WOW64) AppleWebKit/537.36 (KHTML, like Gecko) Chrome/58.0.3029.110 Safari/537.36"
::1 - - [Sun, 28 May 2017 16:45:16 GMT] "GET / HTTP/1.1" 500 1904 "-" "Mozilla/5.0 (Windows NT 10.0; WOW64) AppleWebKit/537.36 (KHTML, like Gecko) Chrome/58.0.3029.110 Safari/537.36"
::1 - - [Sun, 28 May 2017 16:45:16 GMT] "GET /favicon.ico HTTP/1.1" 304 - "http://localhost:3000/" "Mozilla/5.0 (Windows NT 10.0; WOW64) AppleWebKit/537.36 (KHTML, like Gecko) Chrome/58.0.3029.110 Safari/537.36"
::1 - - [Sun, 28 May 2017 16:45:23 GMT] "GET / HTTP/1.1" 200 1287 "-" "Mozilla/5.0 (Windows NT 10.0; WOW64) AppleWebKit/537.36 (KHTML, like Gecko) Chrome/58.0.3029.110 Safari/537.36"
::1 - - [Sun, 28 May 2017 16:45:23 GMT] "GET /stylesheets/style.css HTTP/1.1" 304 - "http://localhost:3000/" "Mozilla/5.0 (Windows NT 10.0; WOW64) AppleWebKit/537.36 (KHTML, like Gecko) Chrome/58.0.3029.110 Safari/537.36"
::1 - - [Sun, 28 May 2017 16:45:24 GMT] "GET /favicon.ico HTTP/1.1" 200 213 "http://localhost:3000/" "Mozilla/5.0 (Windows NT 10.0; WOW64) AppleWebKit/537.36 (KHTML, like Gecko) Chrome/58.0.3029.110 Safari/537.36"
::1 - - [Sun, 28 May 2017 16:45:25 GMT] "GET /u/22/2017-5-28/aaa HTTP/1.1" 200 1924 "http://localhost:3000/" "Mozilla/5.0 (Windows NT 10.0; WOW64) AppleWebKit/537.36 (KHTML, like Gecko) Chrome/58.0.3029.110 Safari/537.36"
::1 - - [Sun, 28 May 2017 16:45:25 GMT] "GET /stylesheets/style.css HTTP/1.1" 304 - "http://localhost:3000/u/22/2017-5-28/aaa" "Mozilla/5.0 (Windows NT 10.0; WOW64) AppleWebKit/537.36 (KHTML, like Gecko) Chrome/58.0.3029.110 Safari/537.36"
::1 - - [Sun, 28 May 2017 16:45:25 GMT] "GET /favicon.ico HTTP/1.1" 304 - "http://localhost:3000/u/22/2017-5-28/aaa" "Mozilla/5.0 (Windows NT 10.0; WOW64) AppleWebKit/537.36 (KHTML, like Gecko) Chrome/58.0.3029.110 Safari/537.36"
::1 - - [Sun, 28 May 2017 16:45:28 GMT] "GET /u/22/2017-5-28/123 HTTP/1.1" 500 2571 "http://localhost:3000/u/22/2017-5-28/aaa" "Mozilla/5.0 (Windows NT 10.0; WOW64) AppleWebKit/537.36 (KHTML, like Gecko) Chrome/58.0.3029.110 Safari/537.36"
::1 - - [Sun, 28 May 2017 16:45:28 GMT] "GET /favicon.ico HTTP/1.1" 304 - "http://localhost:3000/u/22/2017-5-28/123" "Mozilla/5.0 (Windows NT 10.0; WOW64) AppleWebKit/537.36 (KHTML, like Gecko) Chrome/58.0.3029.110 Safari/537.36"
::1 - - [Sun, 28 May 2017 16:45:29 GMT] "GET /favicon.ico HTTP/1.1" 304 - "http://localhost:3000/u/22/2017-5-28/aaa" "Mozilla/5.0 (Windows NT 10.0; WOW64) AppleWebKit/537.36 (KHTML, like Gecko) Chrome/58.0.3029.110 Safari/537.36"
::1 - - [Sun, 28 May 2017 16:45:30 GMT] "GET /u/22 HTTP/1.1" 500 1935 "http://localhost:3000/u/22/2017-5-28/aaa" "Mozilla/5.0 (Windows NT 10.0; WOW64) AppleWebKit/537.36 (KHTML, like Gecko) Chrome/58.0.3029.110 Safari/537.36"
::1 - - [Sun, 28 May 2017 16:45:30 GMT] "GET /favicon.ico HTTP/1.1" 304 - "http://localhost:3000/u/22" "Mozilla/5.0 (Windows NT 10.0; WOW64) AppleWebKit/537.36 (KHTML, like Gecko) Chrome/58.0.3029.110 Safari/537.36"
::1 - - [Sun, 28 May 2017 16:45:31 GMT] "GET /favicon.ico HTTP/1.1" 304 - "http://localhost:3000/u/22/2017-5-28/aaa" "Mozilla/5.0 (Windows NT 10.0; WOW64) AppleWebKit/537.36 (KHTML, like Gecko) Chrome/58.0.3029.110 Safari/537.36"
::1 - - [Sun, 28 May 2017 16:45:33 GMT] "GET / HTTP/1.1" 500 1904 "http://localhost:3000/u/22/2017-5-28/aaa" "Mozilla/5.0 (Windows NT 10.0; WOW64) AppleWebKit/537.36 (KHTML, like Gecko) Chrome/58.0.3029.110 Safari/537.36"
::1 - - [Sun, 28 May 2017 16:45:33 GMT] "GET /favicon.ico HTTP/1.1" 304 - "http://localhost:3000/" "Mozilla/5.0 (Windows NT 10.0; WOW64) AppleWebKit/537.36 (KHTML, like Gecko) Chrome/58.0.3029.110 Safari/537.36"
::1 - - [Sun, 28 May 2017 16:48:02 GMT] "GET / HTTP/1.1" 200 1287 "http://localhost:3000/u/22/2017-5-28/aaa" "Mozilla/5.0 (Windows NT 10.0; WOW64) AppleWebKit/537.36 (KHTML, like Gecko) Chrome/58.0.3029.110 Safari/537.36"
::1 - - [Sun, 28 May 2017 16:48:02 GMT] "GET /stylesheets/style.css HTTP/1.1" 304 - "http://localhost:3000/" "Mozilla/5.0 (Windows NT 10.0; WOW64) AppleWebKit/537.36 (KHTML, like Gecko) Chrome/58.0.3029.110 Safari/537.36"
::1 - - [Sun, 28 May 2017 16:48:02 GMT] "GET /favicon.ico HTTP/1.1" 200 213 "http://localhost:3000/" "Mozilla/5.0 (Windows NT 10.0; WOW64) AppleWebKit/537.36 (KHTML, like Gecko) Chrome/58.0.3029.110 Safari/537.36"
::1 - - [Sun, 28 May 2017 16:48:08 GMT] "GET /u/22 HTTP/1.1" 200 1147 "http://localhost:3000/" "Mozilla/5.0 (Windows NT 10.0; WOW64) AppleWebKit/537.36 (KHTML, like Gecko) Chrome/58.0.3029.110 Safari/537.36"
::1 - - [Sun, 28 May 2017 16:48:08 GMT] "GET /stylesheets/style.css HTTP/1.1" 304 - "http://localhost:3000/u/22" "Mozilla/5.0 (Windows NT 10.0; WOW64) AppleWebKit/537.36 (KHTML, like Gecko) Chrome/58.0.3029.110 Safari/537.36"
::1 - - [Sun, 28 May 2017 16:48:08 GMT] "GET /favicon.ico HTTP/1.1" 304 - "http://localhost:3000/u/22" "Mozilla/5.0 (Windows NT 10.0; WOW64) AppleWebKit/537.36 (KHTML, like Gecko) Chrome/58.0.3029.110 Safari/537.36"
::1 - - [Sun, 28 May 2017 16:48:11 GMT] "GET /u/22/2017-5-28/aaa HTTP/1.1" 200 1924 "http://localhost:3000/u/22" "Mozilla/5.0 (Windows NT 10.0; WOW64) AppleWebKit/537.36 (KHTML, like Gecko) Chrome/58.0.3029.110 Safari/537.36"
::1 - - [Sun, 28 May 2017 16:48:11 GMT] "GET /stylesheets/style.css HTTP/1.1" 304 - "http://localhost:3000/u/22/2017-5-28/aaa" "Mozilla/5.0 (Windows NT 10.0; WOW64) AppleWebKit/537.36 (KHTML, like Gecko) Chrome/58.0.3029.110 Safari/537.36"
::1 - - [Sun, 28 May 2017 16:48:11 GMT] "GET /favicon.ico HTTP/1.1" 304 - "http://localhost:3000/u/22/2017-5-28/aaa" "Mozilla/5.0 (Windows NT 10.0; WOW64) AppleWebKit/537.36 (KHTML, like Gecko) Chrome/58.0.3029.110 Safari/537.36"
::1 - - [Sun, 28 May 2017 16:49:45 GMT] "GET /u/22 HTTP/1.1" 200 1147 "http://localhost:3000/u/22/2017-5-28/aaa" "Mozilla/5.0 (Windows NT 10.0; WOW64) AppleWebKit/537.36 (KHTML, like Gecko) Chrome/58.0.3029.110 Safari/537.36"
::1 - - [Sun, 28 May 2017 16:49:45 GMT] "GET /stylesheets/style.css HTTP/1.1" 304 - "http://localhost:3000/u/22" "Mozilla/5.0 (Windows NT 10.0; WOW64) AppleWebKit/537.36 (KHTML, like Gecko) Chrome/58.0.3029.110 Safari/537.36"
::1 - - [Sun, 28 May 2017 16:49:45 GMT] "GET /favicon.ico HTTP/1.1" 304 - "http://localhost:3000/u/22" "Mozilla/5.0 (Windows NT 10.0; WOW64) AppleWebKit/537.36 (KHTML, like Gecko) Chrome/58.0.3029.110 Safari/537.36"
::1 - - [Sun, 28 May 2017 16:49:46 GMT] "GET /u/22/2017-5-28/aaa HTTP/1.1" 200 1924 "http://localhost:3000/u/22" "Mozilla/5.0 (Windows NT 10.0; WOW64) AppleWebKit/537.36 (KHTML, like Gecko) Chrome/58.0.3029.110 Safari/537.36"
::1 - - [Sun, 28 May 2017 16:49:46 GMT] "GET /stylesheets/style.css HTTP/1.1" 304 - "http://localhost:3000/u/22/2017-5-28/aaa" "Mozilla/5.0 (Windows NT 10.0; WOW64) AppleWebKit/537.36 (KHTML, like Gecko) Chrome/58.0.3029.110 Safari/537.36"
::1 - - [Sun, 28 May 2017 16:49:46 GMT] "GET /favicon.ico HTTP/1.1" 304 - "http://localhost:3000/u/22/2017-5-28/aaa" "Mozilla/5.0 (Windows NT 10.0; WOW64) AppleWebKit/537.36 (KHTML, like Gecko) Chrome/58.0.3029.110 Safari/537.36"
::1 - - [Sun, 28 May 2017 17:09:34 GMT] "GET /u/22/2017-5-28/123 HTTP/1.1" 500 2571 "http://localhost:3000/u/22/2017-5-28/aaa" "Mozilla/5.0 (Windows NT 10.0; WOW64) AppleWebKit/537.36 (KHTML, like Gecko) Chrome/58.0.3029.110 Safari/537.36"
::1 - - [Sun, 28 May 2017 17:09:34 GMT] "GET /favicon.ico HTTP/1.1" 304 - "http://localhost:3000/u/22/2017-5-28/123" "Mozilla/5.0 (Windows NT 10.0; WOW64) AppleWebKit/537.36 (KHTML, like Gecko) Chrome/58.0.3029.110 Safari/537.36"
::1 - - [Sun, 28 May 2017 17:09:41 GMT] "GET /favicon.ico HTTP/1.1" 304 - "http://localhost:3000/u/22/2017-5-28/aaa" "Mozilla/5.0 (Windows NT 10.0; WOW64) AppleWebKit/537.36 (KHTML, like Gecko) Chrome/58.0.3029.110 Safari/537.36"
::1 - - [Sun, 28 May 2017 17:11:00 GMT] "GET /u/22/2017-5-28/aaa HTTP/1.1" 200 1924 "http://localhost:3000/u/22" "Mozilla/5.0 (Windows NT 10.0; WOW64) AppleWebKit/537.36 (KHTML, like Gecko) Chrome/58.0.3029.110 Safari/537.36"
::1 - - [Sun, 28 May 2017 17:11:00 GMT] "GET /stylesheets/style.css HTTP/1.1" 304 - "http://localhost:3000/u/22/2017-5-28/aaa" "Mozilla/5.0 (Windows NT 10.0; WOW64) AppleWebKit/537.36 (KHTML, like Gecko) Chrome/58.0.3029.110 Safari/537.36"
::1 - - [Sun, 28 May 2017 17:11:00 GMT] "GET /favicon.ico HTTP/1.1" 200 213 "http://localhost:3000/u/22/2017-5-28/aaa" "Mozilla/5.0 (Windows NT 10.0; WOW64) AppleWebKit/537.36 (KHTML, like Gecko) Chrome/58.0.3029.110 Safari/537.36"
::1 - - [Sun, 28 May 2017 17:11:01 GMT] "GET /u/22/2017-5-28/123 HTTP/1.1" 500 2571 "http://localhost:3000/u/22/2017-5-28/aaa" "Mozilla/5.0 (Windows NT 10.0; WOW64) AppleWebKit/537.36 (KHTML, like Gecko) Chrome/58.0.3029.110 Safari/537.36"
::1 - - [Sun, 28 May 2017 17:11:01 GMT] "GET /favicon.ico HTTP/1.1" 304 - "http://localhost:3000/u/22/2017-5-28/123" "Mozilla/5.0 (Windows NT 10.0; WOW64) AppleWebKit/537.36 (KHTML, like Gecko) Chrome/58.0.3029.110 Safari/537.36"
::1 - - [Sun, 28 May 2017 17:11:20 GMT] "GET /favicon.ico HTTP/1.1" 304 - "http://localhost:3000/u/22/2017-5-28/aaa" "Mozilla/5.0 (Windows NT 10.0; WOW64) AppleWebKit/537.36 (KHTML, like Gecko) Chrome/58.0.3029.110 Safari/537.36"
::1 - - [Sun, 28 May 2017 17:11:21 GMT] "GET /u/22/2017-5-28/aaa HTTP/1.1" 200 1924 "http://localhost:3000/u/22" "Mozilla/5.0 (Windows NT 10.0; WOW64) AppleWebKit/537.36 (KHTML, like Gecko) Chrome/58.0.3029.110 Safari/537.36"
::1 - - [Sun, 28 May 2017 17:11:21 GMT] "GET /stylesheets/style.css HTTP/1.1" 304 - "http://localhost:3000/u/22/2017-5-28/aaa" "Mozilla/5.0 (Windows NT 10.0; WOW64) AppleWebKit/537.36 (KHTML, like Gecko) Chrome/58.0.3029.110 Safari/537.36"
::1 - - [Sun, 28 May 2017 17:11:21 GMT] "GET /favicon.ico HTTP/1.1" 200 213 "http://localhost:3000/u/22/2017-5-28/aaa" "Mozilla/5.0 (Windows NT 10.0; WOW64) AppleWebKit/537.36 (KHTML, like Gecko) Chrome/58.0.3029.110 Safari/537.36"
::1 - - [Sun, 28 May 2017 17:11:22 GMT] "GET /u/22/2017-5-28/123 HTTP/1.1" 500 2571 "http://localhost:3000/u/22/2017-5-28/aaa" "Mozilla/5.0 (Windows NT 10.0; WOW64) AppleWebKit/537.36 (KHTML, like Gecko) Chrome/58.0.3029.110 Safari/537.36"
::1 - - [Sun, 28 May 2017 17:11:22 GMT] "GET /favicon.ico HTTP/1.1" 304 - "http://localhost:3000/u/22/2017-5-28/123" "Mozilla/5.0 (Windows NT 10.0; WOW64) AppleWebKit/537.36 (KHTML, like Gecko) Chrome/58.0.3029.110 Safari/537.36"
::1 - - [Sun, 28 May 2017 17:12:38 GMT] "GET /u/22/2017-5-28/123 HTTP/1.1" 500 2571 "http://localhost:3000/u/22/2017-5-28/aaa" "Mozilla/5.0 (Windows NT 10.0; WOW64) AppleWebKit/537.36 (KHTML, like Gecko) Chrome/58.0.3029.110 Safari/537.36"
::1 - - [Sun, 28 May 2017 17:12:38 GMT] "GET /favicon.ico HTTP/1.1" 200 213 "http://localhost:3000/u/22/2017-5-28/123" "Mozilla/5.0 (Windows NT 10.0; WOW64) AppleWebKit/537.36 (KHTML, like Gecko) Chrome/58.0.3029.110 Safari/537.36"
::1 - - [Sun, 28 May 2017 17:19:26 GMT] "GET /u/22/2017-5-28/123 HTTP/1.1" 500 2571 "http://localhost:3000/u/22/2017-5-28/aaa" "Mozilla/5.0 (Windows NT 10.0; WOW64) AppleWebKit/537.36 (KHTML, like Gecko) Chrome/58.0.3029.110 Safari/537.36"
::1 - - [Sun, 28 May 2017 17:19:26 GMT] "GET /favicon.ico HTTP/1.1" 200 213 "http://localhost:3000/u/22/2017-5-28/123" "Mozilla/5.0 (Windows NT 10.0; WOW64) AppleWebKit/537.36 (KHTML, like Gecko) Chrome/58.0.3029.110 Safari/537.36"
